# JRE version: Java(TM) SE Runtime Environment (21.0.2+13) (build 21.0.2+13-LTS-58)
# Java VM: Java HotSpot(TM) 64-Bit Server VM (21.0.2+13-LTS-58, mixed mode, sharing, tiered, compressed oops, compressed class ptrs, g1 gc, windows-amd64)
GC Precious Log:
 CardTable entry size: 512
 Card Set container configuration: InlinePtr #cards 4 size 8 Array Of Cards #cards 16 size 48 Howl #buckets 8 coarsen threshold 3686 Howl Bitmap #cards 512 size 80 coarsen threshold 460 Card regions per heap region 1 cards per card region 4096
 CPUs: 12 total, 12 available
 Memory: 15724M
 Large Page Support: Disabled
 NUMA Support: Disabled
 Compressed Oops: Enabled (Zero based)
 Heap Region Size: 2M
 Heap Min Capacity: 8M
 Heap Initial Capacity: 246M
 Heap Max Capacity: 3932M
 Pre-touch: Disabled
 Parallel Workers: 10
 Concurrent Workers: 3
 Concurrent Refinement Workers: 10
 Periodic GC: Disabled
Heap:
 garbage-first heap   total 118784K, used 85158K [0x000000070a400000, 0x0000000800000000)
  region size 2048K, 23 young (47104K), 2 survivors (4096K)
 Metaspace       used 94453K, committed 95296K, reserved 1179648K
  class space    used 12688K, committed 13056K, reserved 1048576K
GC Heap History (20 events):
Event: 1.579 GC heap before
{Heap before GC invocations=2 (full 0):
 garbage-first heap   total 251904K, used 60996K [0x000000070a400000, 0x0000000800000000)
  region size 2048K, 25 young (51200K), 1 survivors (2048K)
 Metaspace       used 16531K, committed 16832K, reserved 1114112K
  class space    used 2088K, committed 2240K, reserved 1048576K
}
Event: 1.583 GC heap after
{Heap after GC invocations=3 (full 0):
 garbage-first heap   total 251904K, used 19968K [0x000000070a400000, 0x0000000800000000)
  region size 2048K, 4 young (8192K), 4 survivors (8192K)
 Metaspace       used 16531K, committed 16832K, reserved 1114112K
  class space    used 2088K, committed 2240K, reserved 1048576K
}
Event: 1.847 GC heap before
{Heap before GC invocations=3 (full 0):
 garbage-first heap   total 251904K, used 36352K [0x000000070a400000, 0x0000000800000000)
  region size 2048K, 14 young (28672K), 4 survivors (8192K)
 Metaspace       used 21181K, committed 21504K, reserved 1114112K
  class space    used 2667K, committed 2816K, reserved 1048576K
}
Event: 1.851 GC heap after
{Heap after GC invocations=4 (full 0):
 garbage-first heap   total 251904K, used 20692K [0x000000070a400000, 0x0000000800000000)
  region size 2048K, 4 young (8192K), 4 survivors (8192K)
 Metaspace       used 21181K, committed 21504K, reserved 1114112K
  class space    used 2667K, committed 2816K, reserved 1048576K
}
Event: 2.434 GC heap before
{Heap before GC invocations=5 (full 0):
 garbage-first heap   total 81920K, used 61652K [0x000000070a400000, 0x0000000800000000)
  region size 2048K, 24 young (49152K), 4 survivors (8192K)
 Metaspace       used 26909K, committed 27264K, reserved 1114112K
  class space    used 3370K, committed 3520K, reserved 1048576K
}
Event: 2.442 GC heap after
{Heap after GC invocations=6 (full 0):
 garbage-first heap   total 81920K, used 25052K [0x000000070a400000, 0x0000000800000000)
  region size 2048K, 3 young (6144K), 3 survivors (6144K)
 Metaspace       used 26909K, committed 27264K, reserved 1114112K
  class space    used 3370K, committed 3520K, reserved 1048576K
}
Event: 3.020 GC heap before
{Heap before GC invocations=6 (full 0):
 garbage-first heap   total 81920K, used 57820K [0x000000070a400000, 0x0000000800000000)
  region size 2048K, 19 young (38912K), 3 survivors (6144K)
 Metaspace       used 31800K, committed 32256K, reserved 1114112K
  class space    used 4124K, committed 4352K, reserved 1048576K
}
Event: 3.027 GC heap after
{Heap after GC invocations=7 (full 0):
 garbage-first heap   total 81920K, used 26737K [0x000000070a400000, 0x0000000800000000)
  region size 2048K, 2 young (4096K), 2 survivors (4096K)
 Metaspace       used 31800K, committed 32256K, reserved 1114112K
  class space    used 4124K, committed 4352K, reserved 1048576K
}
Event: 3.407 GC heap before
{Heap before GC invocations=7 (full 0):
 garbage-first heap   total 81920K, used 49265K [0x000000070a400000, 0x0000000800000000)
  region size 2048K, 14 young (28672K), 2 survivors (4096K)
 Metaspace       used 35553K, committed 35968K, reserved 1114112K
  class space    used 4619K, committed 4800K, reserved 1048576K
}
Event: 3.413 GC heap after
{Heap after GC invocations=8 (full 0):
 garbage-first heap   total 98304K, used 28608K [0x000000070a400000, 0x0000000800000000)
  region size 2048K, 3 young (6144K), 3 survivors (6144K)
 Metaspace       used 35553K, committed 35968K, reserved 1114112K
  class space    used 4619K, committed 4800K, reserved 1048576K
}
Event: 4.496 GC heap before
{Heap before GC invocations=9 (full 0):
 garbage-first heap   total 98304K, used 73664K [0x000000070a400000, 0x0000000800000000)
  region size 2048K, 26 young (53248K), 3 survivors (6144K)
 Metaspace       used 51002K, committed 51520K, reserved 1114112K
  class space    used 6744K, committed 6976K, reserved 1048576K
}
Event: 4.504 GC heap after
{Heap after GC invocations=10 (full 0):
 garbage-first heap   total 98304K, used 32184K [0x000000070a400000, 0x0000000800000000)
  region size 2048K, 4 young (8192K), 4 survivors (8192K)
 Metaspace       used 51002K, committed 51520K, reserved 1114112K
  class space    used 6744K, committed 6976K, reserved 1048576K
}
Event: 5.019 GC heap before
{Heap before GC invocations=10 (full 0):
 garbage-first heap   total 98304K, used 62904K [0x000000070a400000, 0x0000000800000000)
  region size 2048K, 20 young (40960K), 4 survivors (8192K)
 Metaspace       used 59701K, committed 60160K, reserved 1114112K
  class space    used 7936K, committed 8128K, reserved 1048576K
}
Event: 5.027 GC heap after
{Heap after GC invocations=11 (full 0):
 garbage-first heap   total 98304K, used 33706K [0x000000070a400000, 0x0000000800000000)
  region size 2048K, 3 young (6144K), 3 survivors (6144K)
 Metaspace       used 59701K, committed 60160K, reserved 1114112K
  class space    used 7936K, committed 8128K, reserved 1048576K
}
Event: 5.835 GC heap before
{Heap before GC invocations=12 (full 0):
 garbage-first heap   total 98304K, used 82858K [0x000000070a400000, 0x0000000800000000)
  region size 2048K, 27 young (55296K), 3 survivors (6144K)
 Metaspace       used 72820K, committed 73408K, reserved 1114112K
  class space    used 9920K, committed 10176K, reserved 1048576K
}
Event: 5.844 GC heap after
{Heap after GC invocations=13 (full 0):
 garbage-first heap   total 98304K, used 37558K [0x000000070a400000, 0x0000000800000000)
  region size 2048K, 3 young (6144K), 3 survivors (6144K)
 Metaspace       used 72820K, committed 73408K, reserved 1114112K
  class space    used 9920K, committed 10176K, reserved 1048576K
}
Event: 6.595 GC heap before
{Heap before GC invocations=13 (full 0):
 garbage-first heap   total 98304K, used 82614K [0x000000070a400000, 0x0000000800000000)
  region size 2048K, 25 young (51200K), 3 survivors (6144K)
 Metaspace       used 78834K, committed 79488K, reserved 1179648K
  class space    used 10771K, committed 11072K, reserved 1048576K
}
Event: 6.606 GC heap after
{Heap after GC invocations=14 (full 0):
 garbage-first heap   total 98304K, used 40435K [0x000000070a400000, 0x0000000800000000)
  region size 2048K, 4 young (8192K), 4 survivors (8192K)
 Metaspace       used 78834K, committed 79488K, reserved 1179648K
  class space    used 10771K, committed 11072K, reserved 1048576K
}
Event: 7.142 GC heap before
{Heap before GC invocations=14 (full 0):
 garbage-first heap   total 98304K, used 79347K [0x000000070a400000, 0x0000000800000000)
  region size 2048K, 24 young (49152K), 4 survivors (8192K)
 Metaspace       used 83534K, committed 84288K, reserved 1179648K
  class space    used 11481K, committed 11776K, reserved 1048576K
}
Event: 7.153 GC heap after
{Heap after GC invocations=15 (full 0):
 garbage-first heap   total 118784K, used 44198K [0x000000070a400000, 0x0000000800000000)
  region size 2048K, 2 young (4096K), 2 survivors (4096K)
 Metaspace       used 83534K, committed 84288K, reserved 1179648K
  class space    used 11481K, committed 11776K, reserved 1048576K
}

