# JRE version: OpenJDK Runtime Environment Temurin-21.0.6+7 (21.0.6+7) (build 21.0.6+7-LTS)
# Java VM: OpenJDK 64-Bit Server VM Temurin-21.0.6+7 (21.0.6+7-LTS, mixed mode, sharing, tiered, compressed oops, compressed class ptrs, parallel gc, windows-amd64)
GC Precious Log:
 CardTable entry size: 512
 CPUs: 12 total, 12 available
 Memory: 15724M
 Large Page Support: Disabled
 NUMA Support: Disabled
 Compressed Oops: Enabled (32-bit)
 Alignments: Space 512K, Generation 512K, Heap 2M
 Heap Min Capacity: 100M
 Heap Initial Capacity: 100M
 Heap Max Capacity: 1G
 Pre-touch: Disabled
 Parallel Workers: 10
Heap:
 PSYoungGen      total 5120K, used 4695K [0x00000000eab00000, 0x00000000eb180000, 0x0000000100000000)
  eden space 4096K, 99% used [0x00000000eab00000,0x00000000eaefdff8,0x00000000eaf00000)
  from space 1024K, 59% used [0x00000000eb080000,0x00000000eb118000,0x00000000eb180000)
  to   space 1024K, 77% used [0x00000000eaf00000,0x00000000eafc6dd0,0x00000000eb000000)
 ParOldGen       total 663040K, used 663038K [0x00000000c0000000, 0x00000000e8780000, 0x00000000eab00000)
  object space 663040K, 99% used [0x00000000c0000000,0x00000000e877faf8,0x00000000e8780000)
 Metaspace       used 61087K, committed 62464K, reserved 1114112K
  class space    used 6167K, committed 6784K, reserved 1048576K
GC Heap History (20 events):
Event: 40.927 GC heap before
{Heap before GC invocations=1992 (full 3):
 PSYoungGen      total 4096K, used 3744K [0x00000000eab00000, 0x00000000eb000000, 0x0000000100000000)
  eden space 3072K, 100% used [0x00000000eab00000,0x00000000eae00000,0x00000000eae00000)
  from space 1024K, 65% used [0x00000000eae00000,0x00000000eaea8000,0x00000000eaf00000)
  to   space 1024K, 0% used [0x00000000eaf00000,0x00000000eaf00000,0x00000000eb000000)
 ParOldGen       total 655360K, used 655092K [0x00000000c0000000, 0x00000000e8000000, 0x00000000eab00000)
  object space 655360K, 99% used [0x00000000c0000000,0x00000000e7fbd328,0x00000000e8000000)
 Metaspace       used 61028K, committed 62400K, reserved 1114112K
  class space    used 6167K, committed 6784K, reserved 1048576K
}
Event: 40.930 GC heap after
{Heap after GC invocations=1992 (full 3):
 PSYoungGen      total 4096K, used 832K [0x00000000eab00000, 0x00000000eb100000, 0x0000000100000000)
  eden space 3072K, 0% used [0x00000000eab00000,0x00000000eab00000,0x00000000eae00000)
  from space 1024K, 81% used [0x00000000eaf00000,0x00000000eafd0000,0x00000000eb000000)
  to   space 1024K, 0% used [0x00000000eae00000,0x00000000eae00000,0x00000000eaf00000)
 ParOldGen       total 655872K, used 655508K [0x00000000c0000000, 0x00000000e8080000, 0x00000000eab00000)
  object space 655872K, 99% used [0x00000000c0000000,0x00000000e8025328,0x00000000e8080000)
 Metaspace       used 61028K, committed 62400K, reserved 1114112K
  class space    used 6167K, committed 6784K, reserved 1048576K
}
Event: 40.938 GC heap before
{Heap before GC invocations=1993 (full 3):
 PSYoungGen      total 4096K, used 3900K [0x00000000eab00000, 0x00000000eb100000, 0x0000000100000000)
  eden space 3072K, 99% used [0x00000000eab00000,0x00000000eadff240,0x00000000eae00000)
  from space 1024K, 81% used [0x00000000eaf00000,0x00000000eafd0000,0x00000000eb000000)
  to   space 1024K, 0% used [0x00000000eae00000,0x00000000eae00000,0x00000000eaf00000)
 ParOldGen       total 655872K, used 655508K [0x00000000c0000000, 0x00000000e8080000, 0x00000000eab00000)
  object space 655872K, 99% used [0x00000000c0000000,0x00000000e8025328,0x00000000e8080000)
 Metaspace       used 61030K, committed 62400K, reserved 1114112K
  class space    used 6167K, committed 6784K, reserved 1048576K
}
Event: 40.939 GC heap after
{Heap after GC invocations=1993 (full 3):
 PSYoungGen      total 4096K, used 592K [0x00000000eab00000, 0x00000000eb100000, 0x0000000100000000)
  eden space 3072K, 0% used [0x00000000eab00000,0x00000000eab00000,0x00000000eae00000)
  from space 1024K, 57% used [0x00000000eae00000,0x00000000eae94010,0x00000000eaf00000)
  to   space 1024K, 0% used [0x00000000eb000000,0x00000000eb000000,0x00000000eb100000)
 ParOldGen       total 656384K, used 656228K [0x00000000c0000000, 0x00000000e8100000, 0x00000000eab00000)
  object space 656384K, 99% used [0x00000000c0000000,0x00000000e80d9328,0x00000000e8100000)
 Metaspace       used 61030K, committed 62400K, reserved 1114112K
  class space    used 6167K, committed 6784K, reserved 1048576K
}
Event: 40.945 GC heap before
{Heap before GC invocations=1994 (full 3):
 PSYoungGen      total 4096K, used 3664K [0x00000000eab00000, 0x00000000eb100000, 0x0000000100000000)
  eden space 3072K, 100% used [0x00000000eab00000,0x00000000eae00000,0x00000000eae00000)
  from space 1024K, 57% used [0x00000000eae00000,0x00000000eae94010,0x00000000eaf00000)
  to   space 1024K, 0% used [0x00000000eb000000,0x00000000eb000000,0x00000000eb100000)
 ParOldGen       total 656384K, used 656228K [0x00000000c0000000, 0x00000000e8100000, 0x00000000eab00000)
  object space 656384K, 99% used [0x00000000c0000000,0x00000000e80d9328,0x00000000e8100000)
 Metaspace       used 61031K, committed 62400K, reserved 1114112K
  class space    used 6167K, committed 6784K, reserved 1048576K
}
Event: 40.947 GC heap after
{Heap after GC invocations=1994 (full 3):
 PSYoungGen      total 5120K, used 576K [0x00000000eab00000, 0x00000000eb100000, 0x0000000100000000)
  eden space 4096K, 0% used [0x00000000eab00000,0x00000000eab00000,0x00000000eaf00000)
  from space 1024K, 56% used [0x00000000eb000000,0x00000000eb090000,0x00000000eb100000)
  to   space 1024K, 0% used [0x00000000eaf00000,0x00000000eaf00000,0x00000000eb000000)
 ParOldGen       total 656896K, used 656580K [0x00000000c0000000, 0x00000000e8180000, 0x00000000eab00000)
  object space 656896K, 99% used [0x00000000c0000000,0x00000000e8131328,0x00000000e8180000)
 Metaspace       used 61031K, committed 62400K, reserved 1114112K
  class space    used 6167K, committed 6784K, reserved 1048576K
}
Event: 40.958 GC heap before
{Heap before GC invocations=1995 (full 3):
 PSYoungGen      total 5120K, used 4672K [0x00000000eab00000, 0x00000000eb100000, 0x0000000100000000)
  eden space 4096K, 100% used [0x00000000eab00000,0x00000000eaf00000,0x00000000eaf00000)
  from space 1024K, 56% used [0x00000000eb000000,0x00000000eb090000,0x00000000eb100000)
  to   space 1024K, 0% used [0x00000000eaf00000,0x00000000eaf00000,0x00000000eb000000)
 ParOldGen       total 656896K, used 656580K [0x00000000c0000000, 0x00000000e8180000, 0x00000000eab00000)
  object space 656896K, 99% used [0x00000000c0000000,0x00000000e8131328,0x00000000e8180000)
 Metaspace       used 61031K, committed 62400K, reserved 1114112K
  class space    used 6167K, committed 6784K, reserved 1048576K
}
Event: 40.960 GC heap after
{Heap after GC invocations=1995 (full 3):
 PSYoungGen      total 5120K, used 512K [0x00000000eab00000, 0x00000000eb200000, 0x0000000100000000)
  eden space 4096K, 0% used [0x00000000eab00000,0x00000000eab00000,0x00000000eaf00000)
  from space 1024K, 50% used [0x00000000eaf00000,0x00000000eaf80000,0x00000000eb000000)
  to   space 1024K, 0% used [0x00000000eb100000,0x00000000eb100000,0x00000000eb200000)
 ParOldGen       total 657408K, used 657032K [0x00000000c0000000, 0x00000000e8200000, 0x00000000eab00000)
  object space 657408K, 99% used [0x00000000c0000000,0x00000000e81a2338,0x00000000e8200000)
 Metaspace       used 61031K, committed 62400K, reserved 1114112K
  class space    used 6167K, committed 6784K, reserved 1048576K
}
Event: 40.971 GC heap before
{Heap before GC invocations=1996 (full 3):
 PSYoungGen      total 5120K, used 4607K [0x00000000eab00000, 0x00000000eb200000, 0x0000000100000000)
  eden space 4096K, 99% used [0x00000000eab00000,0x00000000eaeffff8,0x00000000eaf00000)
  from space 1024K, 50% used [0x00000000eaf00000,0x00000000eaf80000,0x00000000eb000000)
  to   space 1024K, 0% used [0x00000000eb100000,0x00000000eb100000,0x00000000eb200000)
 ParOldGen       total 657408K, used 657032K [0x00000000c0000000, 0x00000000e8200000, 0x00000000eab00000)
  object space 657408K, 99% used [0x00000000c0000000,0x00000000e81a2338,0x00000000e8200000)
 Metaspace       used 61032K, committed 62400K, reserved 1114112K
  class space    used 6167K, committed 6784K, reserved 1048576K
}
Event: 40.973 GC heap after
{Heap after GC invocations=1996 (full 3):
 PSYoungGen      total 5120K, used 688K [0x00000000eab00000, 0x00000000eb200000, 0x0000000100000000)
  eden space 4096K, 0% used [0x00000000eab00000,0x00000000eab00000,0x00000000eaf00000)
  from space 1024K, 67% used [0x00000000eb100000,0x00000000eb1ac010,0x00000000eb200000)
  to   space 1024K, 0% used [0x00000000eaf00000,0x00000000eaf00000,0x00000000eb000000)
 ParOldGen       total 657920K, used 657440K [0x00000000c0000000, 0x00000000e8280000, 0x00000000eab00000)
  object space 657920K, 99% used [0x00000000c0000000,0x00000000e8208338,0x00000000e8280000)
 Metaspace       used 61032K, committed 62400K, reserved 1114112K
  class space    used 6167K, committed 6784K, reserved 1048576K
}
Event: 40.994 GC heap before
{Heap before GC invocations=1997 (full 3):
 PSYoungGen      total 5120K, used 4767K [0x00000000eab00000, 0x00000000eb200000, 0x0000000100000000)
  eden space 4096K, 99% used [0x00000000eab00000,0x00000000eaefbdf8,0x00000000eaf00000)
  from space 1024K, 67% used [0x00000000eb100000,0x00000000eb1ac010,0x00000000eb200000)
  to   space 1024K, 0% used [0x00000000eaf00000,0x00000000eaf00000,0x00000000eb000000)
 ParOldGen       total 657920K, used 657440K [0x00000000c0000000, 0x00000000e8280000, 0x00000000eab00000)
  object space 657920K, 99% used [0x00000000c0000000,0x00000000e8208338,0x00000000e8280000)
 Metaspace       used 61033K, committed 62400K, reserved 1114112K
  class space    used 6167K, committed 6784K, reserved 1048576K
}
Event: 40.997 GC heap after
{Heap after GC invocations=1997 (full 3):
 PSYoungGen      total 5120K, used 1016K [0x00000000eab00000, 0x00000000eb500000, 0x0000000100000000)
  eden space 4096K, 0% used [0x00000000eab00000,0x00000000eab00000,0x00000000eaf00000)
  from space 1024K, 99% used [0x00000000eaf00000,0x00000000eaffe380,0x00000000eb000000)
  to   space 3072K, 0% used [0x00000000eb200000,0x00000000eb200000,0x00000000eb500000)
 ParOldGen       total 658944K, used 658851K [0x00000000c0000000, 0x00000000e8380000, 0x00000000eab00000)
  object space 658944K, 99% used [0x00000000c0000000,0x00000000e8368ca8,0x00000000e8380000)
 Metaspace       used 61033K, committed 62400K, reserved 1114112K
  class space    used 6167K, committed 6784K, reserved 1048576K
}
Event: 41.039 GC heap before
{Heap before GC invocations=1998 (full 3):
 PSYoungGen      total 5120K, used 5109K [0x00000000eab00000, 0x00000000eb500000, 0x0000000100000000)
  eden space 4096K, 99% used [0x00000000eab00000,0x00000000eaeff418,0x00000000eaf00000)
  from space 1024K, 99% used [0x00000000eaf00000,0x00000000eaffe380,0x00000000eb000000)
  to   space 3072K, 0% used [0x00000000eb200000,0x00000000eb200000,0x00000000eb500000)
 ParOldGen       total 658944K, used 658851K [0x00000000c0000000, 0x00000000e8380000, 0x00000000eab00000)
  object space 658944K, 99% used [0x00000000c0000000,0x00000000e8368ca8,0x00000000e8380000)
 Metaspace       used 61052K, committed 62400K, reserved 1114112K
  class space    used 6167K, committed 6784K, reserved 1048576K
}
Event: 41.041 GC heap after
{Heap after GC invocations=1998 (full 3):
 PSYoungGen      total 6144K, used 2029K [0x00000000eab00000, 0x00000000eb400000, 0x0000000100000000)
  eden space 4096K, 0% used [0x00000000eab00000,0x00000000eab00000,0x00000000eaf00000)
  from space 2048K, 99% used [0x00000000eb200000,0x00000000eb3fb400,0x00000000eb400000)
  to   space 2560K, 0% used [0x00000000eaf00000,0x00000000eaf00000,0x00000000eb180000)
 ParOldGen       total 659456K, used 659404K [0x00000000c0000000, 0x00000000e8400000, 0x00000000eab00000)
  object space 659456K, 99% used [0x00000000c0000000,0x00000000e83f33a8,0x00000000e8400000)
 Metaspace       used 61052K, committed 62400K, reserved 1114112K
  class space    used 6167K, committed 6784K, reserved 1048576K
}
Event: 41.083 GC heap before
{Heap before GC invocations=1999 (full 3):
 PSYoungGen      total 6144K, used 6123K [0x00000000eab00000, 0x00000000eb400000, 0x0000000100000000)
  eden space 4096K, 99% used [0x00000000eab00000,0x00000000eaeff9c8,0x00000000eaf00000)
  from space 2048K, 99% used [0x00000000eb200000,0x00000000eb3fb400,0x00000000eb400000)
  to   space 2560K, 0% used [0x00000000eaf00000,0x00000000eaf00000,0x00000000eb180000)
 ParOldGen       total 659456K, used 659404K [0x00000000c0000000, 0x00000000e8400000, 0x00000000eab00000)
  object space 659456K, 99% used [0x00000000c0000000,0x00000000e83f33a8,0x00000000e8400000)
 Metaspace       used 61074K, committed 62464K, reserved 1114112K
  class space    used 6167K, committed 6784K, reserved 1048576K
}
Event: 41.086 GC heap after
{Heap after GC invocations=1999 (full 3):
 PSYoungGen      total 5120K, used 640K [0x00000000eab00000, 0x00000000eb280000, 0x0000000100000000)
  eden space 4096K, 0% used [0x00000000eab00000,0x00000000eab00000,0x00000000eaf00000)
  from space 1024K, 62% used [0x00000000eaf00000,0x00000000eafa0000,0x00000000eb000000)
  to   space 1536K, 0% used [0x00000000eb100000,0x00000000eb100000,0x00000000eb280000)
 ParOldGen       total 661504K, used 661232K [0x00000000c0000000, 0x00000000e8600000, 0x00000000eab00000)
  object space 661504K, 99% used [0x00000000c0000000,0x00000000e85bc2d8,0x00000000e8600000)
 Metaspace       used 61074K, committed 62464K, reserved 1114112K
  class space    used 6167K, committed 6784K, reserved 1048576K
}
Event: 41.102 GC heap before
{Heap before GC invocations=2000 (full 3):
 PSYoungGen      total 5120K, used 4736K [0x00000000eab00000, 0x00000000eb280000, 0x0000000100000000)
  eden space 4096K, 100% used [0x00000000eab00000,0x00000000eaf00000,0x00000000eaf00000)
  from space 1024K, 62% used [0x00000000eaf00000,0x00000000eafa0000,0x00000000eb000000)
  to   space 1536K, 0% used [0x00000000eb100000,0x00000000eb100000,0x00000000eb280000)
 ParOldGen       total 661504K, used 661232K [0x00000000c0000000, 0x00000000e8600000, 0x00000000eab00000)
  object space 661504K, 99% used [0x00000000c0000000,0x00000000e85bc2d8,0x00000000e8600000)
 Metaspace       used 61078K, committed 62464K, reserved 1114112K
  class space    used 6167K, committed 6784K, reserved 1048576K
}
Event: 41.104 GC heap after
{Heap after GC invocations=2000 (full 3):
 PSYoungGen      total 5120K, used 672K [0x00000000eab00000, 0x00000000eb200000, 0x0000000100000000)
  eden space 4096K, 0% used [0x00000000eab00000,0x00000000eab00000,0x00000000eaf00000)
  from space 1024K, 65% used [0x00000000eb100000,0x00000000eb1a8000,0x00000000eb200000)
  to   space 1024K, 0% used [0x00000000eaf00000,0x00000000eaf00000,0x00000000eb000000)
 ParOldGen       total 662016K, used 661741K [0x00000000c0000000, 0x00000000e8680000, 0x00000000eab00000)
  object space 662016K, 99% used [0x00000000c0000000,0x00000000e863b4e0,0x00000000e8680000)
 Metaspace       used 61078K, committed 62464K, reserved 1114112K
  class space    used 6167K, committed 6784K, reserved 1048576K
}
Event: 41.171 GC heap before
{Heap before GC invocations=2001 (full 3):
 PSYoungGen      total 5120K, used 4768K [0x00000000eab00000, 0x00000000eb200000, 0x0000000100000000)
  eden space 4096K, 100% used [0x00000000eab00000,0x00000000eaf00000,0x00000000eaf00000)
  from space 1024K, 65% used [0x00000000eb100000,0x00000000eb1a8000,0x00000000eb200000)
  to   space 1024K, 0% used [0x00000000eaf00000,0x00000000eaf00000,0x00000000eb000000)
 ParOldGen       total 662016K, used 661741K [0x00000000c0000000, 0x00000000e8680000, 0x00000000eab00000)
  object space 662016K, 99% used [0x00000000c0000000,0x00000000e863b4e0,0x00000000e8680000)
 Metaspace       used 61080K, committed 62464K, reserved 1114112K
  class space    used 6167K, committed 6784K, reserved 1048576K
}
Event: 41.173 GC heap after
{Heap after GC invocations=2001 (full 3):
 PSYoungGen      total 5120K, used 832K [0x00000000eab00000, 0x00000000eb180000, 0x0000000100000000)
  eden space 4096K, 0% used [0x00000000eab00000,0x00000000eab00000,0x00000000eaf00000)
  from space 1024K, 81% used [0x00000000eaf00000,0x00000000eafd0000,0x00000000eb000000)
  to   space 1024K, 0% used [0x00000000eb080000,0x00000000eb080000,0x00000000eb180000)
 ParOldGen       total 662528K, used 662282K [0x00000000c0000000, 0x00000000e8700000, 0x00000000eab00000)
  object space 662528K, 99% used [0x00000000c0000000,0x00000000e86c2ae8,0x00000000e8700000)
 Metaspace       used 61080K, committed 62464K, reserved 1114112K
  class space    used 6167K, committed 6784K, reserved 1048576K
}

