# JRE version: Java(TM) SE Runtime Environment (21.0.2+13) (build 21.0.2+13-LTS-58)
# Java VM: Java HotSpot(TM) 64-Bit Server VM (21.0.2+13-LTS-58, mixed mode, emulated-client, sharing, tiered, compressed oops, compressed class ptrs, g1 gc, windows-amd64)
GC Precious Log:
 CardTable entry size: 512
 Card Set container configuration: InlinePtr #cards 4 size 8 Array Of Cards #cards 16 size 48 Howl #buckets 8 coarsen threshold 3686 Howl Bitmap #cards 512 size 80 coarsen threshold 460 Card regions per heap region 1 cards per card region 4096
 CPUs: 12 total, 12 available
 Memory: 15724M
 Large Page Support: Disabled
 NUMA Support: Disabled
 Compressed Oops: Enabled (Zero based)
 Heap Region Size: 2M
 Heap Min Capacity: 8M
 Heap Initial Capacity: 246M
 Heap Max Capacity: 3932M
 Pre-touch: Disabled
 Parallel Workers: 10
 Concurrent Workers: 3
 Concurrent Refinement Workers: 10
 Periodic GC: Disabled
Heap:
 garbage-first heap   total 118784K, used 46790K [0x000000070a400000, 0x0000000800000000)
  region size 2048K, 2 young (4096K), 2 survivors (4096K)
 Metaspace       used 91399K, committed 92352K, reserved 1179648K
  class space    used 12773K, committed 13184K, reserved 1048576K
GC Heap History (20 events):
Event: 2.829 GC heap after
{Heap after GC invocations=10 (full 0):
 garbage-first heap   total 98304K, used 30457K [0x000000070a400000, 0x0000000800000000)
  region size 2048K, 3 young (6144K), 3 survivors (6144K)
 Metaspace       used 46245K, committed 46912K, reserved 1114112K
  class space    used 6538K, committed 6848K, reserved 1048576K
}
Event: 3.402 GC heap before
{Heap before GC invocations=10 (full 0):
 garbage-first heap   total 98304K, used 69369K [0x000000070a400000, 0x0000000800000000)
  region size 2048K, 23 young (47104K), 3 survivors (6144K)
 Metaspace       used 59557K, committed 60160K, reserved 1114112K
  class space    used 8350K, committed 8640K, reserved 1048576K
}
Event: 3.406 GC heap after
{Heap after GC invocations=11 (full 0):
 garbage-first heap   total 98304K, used 33753K [0x000000070a400000, 0x0000000800000000)
  region size 2048K, 4 young (8192K), 4 survivors (8192K)
 Metaspace       used 59557K, committed 60160K, reserved 1114112K
  class space    used 8350K, committed 8640K, reserved 1048576K
}
Event: 3.935 GC heap before
{Heap before GC invocations=12 (full 0):
 garbage-first heap   total 98304K, used 78809K [0x000000070a400000, 0x0000000800000000)
  region size 2048K, 26 young (53248K), 4 survivors (8192K)
 Metaspace       used 69306K, committed 69952K, reserved 1114112K
  class space    used 9880K, committed 10176K, reserved 1048576K
}
Event: 3.940 GC heap after
{Heap after GC invocations=13 (full 0):
 garbage-first heap   total 98304K, used 36699K [0x000000070a400000, 0x0000000800000000)
  region size 2048K, 4 young (8192K), 4 survivors (8192K)
 Metaspace       used 69306K, committed 69952K, reserved 1114112K
  class space    used 9880K, committed 10176K, reserved 1048576K
}
Event: 4.394 GC heap before
{Heap before GC invocations=13 (full 0):
 garbage-first heap   total 98304K, used 81755K [0x000000070a400000, 0x0000000800000000)
  region size 2048K, 26 young (53248K), 4 survivors (8192K)
 Metaspace       used 74616K, committed 75392K, reserved 1114112K
  class space    used 10690K, committed 11008K, reserved 1048576K
}
Event: 4.400 GC heap after
{Heap after GC invocations=14 (full 0):
 garbage-first heap   total 98304K, used 40787K [0x000000070a400000, 0x0000000800000000)
  region size 2048K, 4 young (8192K), 4 survivors (8192K)
 Metaspace       used 74616K, committed 75392K, reserved 1114112K
  class space    used 10690K, committed 11008K, reserved 1048576K
}
Event: 4.801 GC heap before
{Heap before GC invocations=14 (full 0):
 garbage-first heap   total 98304K, used 81747K [0x000000070a400000, 0x0000000800000000)
  region size 2048K, 24 young (49152K), 4 survivors (8192K)
 Metaspace       used 79754K, committed 80640K, reserved 1179648K
  class space    used 11511K, committed 11904K, reserved 1048576K
}
Event: 4.806 GC heap after
{Heap after GC invocations=15 (full 0):
 garbage-first heap   total 118784K, used 43941K [0x000000070a400000, 0x0000000800000000)
  region size 2048K, 2 young (4096K), 2 survivors (4096K)
 Metaspace       used 79754K, committed 80640K, reserved 1179648K
  class space    used 11511K, committed 11904K, reserved 1048576K
}
Event: 20.827 GC heap before
{Heap before GC invocations=15 (full 0):
 garbage-first heap   total 118784K, used 97189K [0x000000070a400000, 0x0000000800000000)
  region size 2048K, 29 young (59392K), 2 survivors (4096K)
 Metaspace       used 91352K, committed 92288K, reserved 1179648K
  class space    used 12763K, committed 13184K, reserved 1048576K
}
Event: 20.831 GC heap after
{Heap after GC invocations=16 (full 0):
 garbage-first heap   total 118784K, used 46650K [0x000000070a400000, 0x0000000800000000)
  region size 2048K, 4 young (8192K), 4 survivors (8192K)
 Metaspace       used 91352K, committed 92288K, reserved 1179648K
  class space    used 12763K, committed 13184K, reserved 1048576K
}
Event: 86.617 GC heap before
{Heap before GC invocations=16 (full 0):
 garbage-first heap   total 118784K, used 99898K [0x000000070a400000, 0x0000000800000000)
  region size 2048K, 30 young (61440K), 4 survivors (8192K)
 Metaspace       used 91399K, committed 92352K, reserved 1179648K
  class space    used 12773K, committed 13184K, reserved 1048576K
}
Event: 86.621 GC heap after
{Heap after GC invocations=17 (full 0):
 garbage-first heap   total 118784K, used 46984K [0x000000070a400000, 0x0000000800000000)
  region size 2048K, 2 young (4096K), 2 survivors (4096K)
 Metaspace       used 91399K, committed 92352K, reserved 1179648K
  class space    used 12773K, committed 13184K, reserved 1048576K
}
Event: 86.717 GC heap before
{Heap before GC invocations=17 (full 0):
 garbage-first heap   total 118784K, used 104328K [0x000000070a400000, 0x0000000800000000)
  region size 2048K, 30 young (61440K), 2 survivors (4096K)
 Metaspace       used 91399K, committed 92352K, reserved 1179648K
  class space    used 12773K, committed 13184K, reserved 1048576K
}
Event: 86.719 GC heap after
{Heap after GC invocations=18 (full 0):
 garbage-first heap   total 118784K, used 46737K [0x000000070a400000, 0x0000000800000000)
  region size 2048K, 2 young (4096K), 2 survivors (4096K)
 Metaspace       used 91399K, committed 92352K, reserved 1179648K
  class space    used 12773K, committed 13184K, reserved 1048576K
}
Event: 86.816 GC heap before
{Heap before GC invocations=18 (full 0):
 garbage-first heap   total 118784K, used 104081K [0x000000070a400000, 0x0000000800000000)
  region size 2048K, 30 young (61440K), 2 survivors (4096K)
 Metaspace       used 91399K, committed 92352K, reserved 1179648K
  class space    used 12773K, committed 13184K, reserved 1048576K
}
Event: 86.818 GC heap after
{Heap after GC invocations=19 (full 0):
 garbage-first heap   total 118784K, used 46643K [0x000000070a400000, 0x0000000800000000)
  region size 2048K, 2 young (4096K), 2 survivors (4096K)
 Metaspace       used 91399K, committed 92352K, reserved 1179648K
  class space    used 12773K, committed 13184K, reserved 1048576K
}
Event: 86.916 GC heap before
{Heap before GC invocations=19 (full 0):
 garbage-first heap   total 118784K, used 103987K [0x000000070a400000, 0x0000000800000000)
  region size 2048K, 30 young (61440K), 2 survivors (4096K)
 Metaspace       used 91399K, committed 92352K, reserved 1179648K
  class space    used 12773K, committed 13184K, reserved 1048576K
}
Event: 86.919 GC heap after
{Heap after GC invocations=20 (full 0):
 garbage-first heap   total 118784K, used 46546K [0x000000070a400000, 0x0000000800000000)
  region size 2048K, 2 young (4096K), 2 survivors (4096K)
 Metaspace       used 91399K, committed 92352K, reserved 1179648K
  class space    used 12773K, committed 13184K, reserved 1048576K
}
Event: 87.015 GC heap before
{Heap before GC invocations=20 (full 0):
 garbage-first heap   total 118784K, used 103890K [0x000000070a400000, 0x0000000800000000)
  region size 2048K, 30 young (61440K), 2 survivors (4096K)
 Metaspace       used 91399K, committed 92352K, reserved 1179648K
  class space    used 12773K, committed 13184K, reserved 1048576K
}

