# JRE version: Java(TM) SE Runtime Environment (21.0.2+13) (build 21.0.2+13-LTS-58)
# Java VM: Java HotSpot(TM) 64-Bit Server VM (21.0.2+13-LTS-58, mixed mode, sharing, tiered, compressed oops, compressed class ptrs, g1 gc, windows-amd64)
GC Precious Log:
 CardTable entry size: 512
 Card Set container configuration: InlinePtr #cards 4 size 8 Array Of Cards #cards 16 size 48 Howl #buckets 8 coarsen threshold 3686 Howl Bitmap #cards 512 size 80 coarsen threshold 460 Card regions per heap region 1 cards per card region 4096
 CPUs: 12 total, 12 available
 Memory: 15724M
 Large Page Support: Disabled
 NUMA Support: Disabled
 Compressed Oops: Enabled (Zero based)
 Heap Region Size: 2M
 Heap Min Capacity: 8M
 Heap Initial Capacity: 246M
 Heap Max Capacity: 3932M
 Pre-touch: Disabled
 Parallel Workers: 10
 Concurrent Workers: 3
 Concurrent Refinement Workers: 10
 Periodic GC: Disabled
Heap:
 garbage-first heap   total 153600K, used 76001K [0x000000070a400000, 0x0000000800000000)
  region size 2048K, 5 young (10240K), 2 survivors (4096K)
 Metaspace       used 34315K, committed 35136K, reserved 1114112K
  class space    used 3845K, committed 4224K, reserved 1048576K
GC Heap History (18 events):
Event: 0.468 GC heap before
{Heap before GC invocations=0 (full 0):
 garbage-first heap   total 251904K, used 22528K [0x000000070a400000, 0x0000000800000000)
  region size 2048K, 11 young (22528K), 0 survivors (0K)
 Metaspace       used 5637K, committed 5824K, reserved 1114112K
  class space    used 660K, committed 768K, reserved 1048576K
}
Event: 0.472 GC heap after
{Heap after GC invocations=1 (full 0):
 garbage-first heap   total 251904K, used 3800K [0x000000070a400000, 0x0000000800000000)
  region size 2048K, 2 young (4096K), 2 survivors (4096K)
 Metaspace       used 5637K, committed 5824K, reserved 1114112K
  class space    used 660K, committed 768K, reserved 1048576K
}
Event: 0.962 GC heap before
{Heap before GC invocations=1 (full 0):
 garbage-first heap   total 251904K, used 36568K [0x000000070a400000, 0x0000000800000000)
  region size 2048K, 18 young (36864K), 2 survivors (4096K)
 Metaspace       used 10230K, committed 10368K, reserved 1114112K
  class space    used 1222K, committed 1280K, reserved 1048576K
}
Event: 0.966 GC heap after
{Heap after GC invocations=2 (full 0):
 garbage-first heap   total 251904K, used 5513K [0x000000070a400000, 0x0000000800000000)
  region size 2048K, 1 young (2048K), 1 survivors (2048K)
 Metaspace       used 10230K, committed 10368K, reserved 1114112K
  class space    used 1222K, committed 1280K, reserved 1048576K
}
Event: 3.005 GC heap before
{Heap before GC invocations=2 (full 0):
 garbage-first heap   total 251904K, used 152969K [0x000000070a400000, 0x0000000800000000)
  region size 2048K, 73 young (149504K), 1 survivors (2048K)
 Metaspace       used 16613K, committed 16832K, reserved 1114112K
  class space    used 1884K, committed 1984K, reserved 1048576K
}
Event: 3.018 GC heap after
{Heap after GC invocations=3 (full 0):
 garbage-first heap   total 251904K, used 18212K [0x000000070a400000, 0x0000000800000000)
  region size 2048K, 8 young (16384K), 8 survivors (16384K)
 Metaspace       used 16613K, committed 16832K, reserved 1114112K
  class space    used 1884K, committed 1984K, reserved 1048576K
}
Event: 4.300 GC heap before
{Heap before GC invocations=3 (full 0):
 garbage-first heap   total 251904K, used 112420K [0x000000070a400000, 0x0000000800000000)
  region size 2048K, 52 young (106496K), 8 survivors (16384K)
 Metaspace       used 21164K, committed 21504K, reserved 1114112K
  class space    used 2360K, committed 2560K, reserved 1048576K
}
Event: 4.309 GC heap after
{Heap after GC invocations=4 (full 0):
 garbage-first heap   total 251904K, used 32755K [0x000000070a400000, 0x0000000800000000)
  region size 2048K, 4 young (8192K), 4 survivors (8192K)
 Metaspace       used 21164K, committed 21504K, reserved 1114112K
  class space    used 2360K, committed 2560K, reserved 1048576K
}
Event: 5.509 GC heap before
{Heap before GC invocations=5 (full 0):
 garbage-first heap   total 122880K, used 120819K [0x000000070a400000, 0x0000000800000000)
  region size 2048K, 47 young (96256K), 4 survivors (8192K)
 Metaspace       used 28724K, committed 29120K, reserved 1114112K
  class space    used 3245K, committed 3392K, reserved 1048576K
}
Event: 5.527 GC heap after
{Heap after GC invocations=6 (full 0):
 garbage-first heap   total 151552K, used 48049K [0x000000070a400000, 0x0000000800000000)
  region size 2048K, 10 young (20480K), 10 survivors (20480K)
 Metaspace       used 28724K, committed 29120K, reserved 1114112K
  class space    used 3245K, committed 3392K, reserved 1048576K
}
Event: 6.426 GC heap before
{Heap before GC invocations=6 (full 0):
 garbage-first heap   total 151552K, used 121777K [0x000000070a400000, 0x0000000800000000)
  region size 2048K, 44 young (90112K), 10 survivors (20480K)
 Metaspace       used 31259K, committed 31744K, reserved 1114112K
  class space    used 3555K, committed 3776K, reserved 1048576K
}
Event: 6.437 GC heap after
{Heap after GC invocations=7 (full 0):
 garbage-first heap   total 151552K, used 49151K [0x000000070a400000, 0x0000000800000000)
  region size 2048K, 4 young (8192K), 4 survivors (8192K)
 Metaspace       used 31259K, committed 31744K, reserved 1114112K
  class space    used 3555K, committed 3776K, reserved 1048576K
}
Event: 7.121 GC heap before
{Heap before GC invocations=7 (full 0):
 garbage-first heap   total 151552K, used 122879K [0x000000070a400000, 0x0000000800000000)
  region size 2048K, 40 young (81920K), 4 survivors (8192K)
 Metaspace       used 31408K, committed 31936K, reserved 1114112K
  class space    used 3562K, committed 3776K, reserved 1048576K
}
Event: 7.135 GC heap after
{Heap after GC invocations=8 (full 0):
 garbage-first heap   total 153600K, used 71680K [0x000000070a400000, 0x0000000800000000)
  region size 2048K, 5 young (10240K), 5 survivors (10240K)
 Metaspace       used 31408K, committed 31936K, reserved 1114112K
  class space    used 3562K, committed 3776K, reserved 1048576K
}
Event: 7.902 GC heap before
{Heap before GC invocations=8 (full 0):
 garbage-first heap   total 153600K, used 122880K [0x000000070a400000, 0x0000000800000000)
  region size 2048K, 30 young (61440K), 5 survivors (10240K)
 Metaspace       used 34330K, committed 34880K, reserved 1114112K
  class space    used 3850K, committed 4096K, reserved 1048576K
}
Event: 7.907 GC heap after
{Heap after GC invocations=9 (full 0):
 garbage-first heap   total 153600K, used 72277K [0x000000070a400000, 0x0000000800000000)
  region size 2048K, 2 young (4096K), 2 survivors (4096K)
 Metaspace       used 34330K, committed 34880K, reserved 1114112K
  class space    used 3850K, committed 4096K, reserved 1048576K
}
Event: 8.072 GC heap before
{Heap before GC invocations=9 (full 0):
 garbage-first heap   total 153600K, used 82517K [0x000000070a400000, 0x0000000800000000)
  region size 2048K, 8 young (16384K), 2 survivors (4096K)
 Metaspace       used 35475K, committed 35968K, reserved 1114112K
  class space    used 3988K, committed 4224K, reserved 1048576K
}
Event: 8.076 GC heap after
{Heap after GC invocations=10 (full 0):
 garbage-first heap   total 153600K, used 71905K [0x000000070a400000, 0x0000000800000000)
  region size 2048K, 2 young (4096K), 2 survivors (4096K)
 Metaspace       used 35475K, committed 35968K, reserved 1114112K
  class space    used 3988K, committed 4224K, reserved 1048576K
}

